2021-12-06T07:13:06+00:00 CRITICAL Uncaught Error: Call to a member function get_gallery_image_ids() on null in C:\wamp64\www\CMS-project-E\wp-content\themes\flatsome\inc\woocommerce\structure-wc-product-box.php:53
Stack trace:
#0 C:\wamp64\www\CMS-project-E\wp-includes\class-wp-hook.php(303): flatsome_woocommerce_get_alt_product_thumbnail('')
#1 C:\wamp64\www\CMS-project-E\wp-includes\class-wp-hook.php(327): WP_Hook->apply_filters(NULL, Array)
#2 C:\wamp64\www\CMS-project-E\wp-includes\plugin.php(470): WP_Hook->do_action(Array)
#3 C:\wamp64\www\CMS-project-E\wp-content\themes\flatsome\woocommerce\checkout\layouts\checkout.php(26): do_action('flatsome_woocom...')
#4 C:\wamp64\www\CMS-project-E\wp-includes\template.php(772): require('C:\\wamp64\\www\\C...')
#5 C:\wamp64\www\CMS-project-E\wp-content\plugins\woocommerce\includes\wc-core-functions.php(284): load_template('C:\\wamp64\\www\\C...', false)
#6 C:\wamp64\www\CMS-project-E\wp-content\themes\flatsome\page-cart.php(6): wc_get_template_part('checkout/layout...', false)
#7 C:\wamp64\www\CMS- in C:\wamp64\www\CMS-project-E\wp-content\themes\flatsome\inc\woocommerce\structure-wc-product-box.php on line 53

2021-12-06T07:13:44+00:00 CRITICAL Uncaught Error: Call to a member function get_gallery_image_ids() on null in C:\wamp64\www\CMS-project-E\wp-content\themes\flatsome\inc\woocommerce\structure-wc-product-box.php:53
Stack trace:
#0 C:\wamp64\www\CMS-project-E\wp-includes\class-wp-hook.php(303): flatsome_woocommerce_get_alt_product_thumbnail('')
#1 C:\wamp64\www\CMS-project-E\wp-includes\class-wp-hook.php(327): WP_Hook->apply_filters(NULL, Array)
#2 C:\wamp64\www\CMS-project-E\wp-includes\plugin.php(470): WP_Hook->do_action(Array)
#3 C:\wamp64\www\CMS-project-E\wp-content\themes\flatsome\woocommerce\checkout\layouts\checkout.php(29): do_action('flatsome_woocom...')
#4 C:\wamp64\www\CMS-project-E\wp-includes\template.php(772): require('C:\\wamp64\\www\\C...')
#5 C:\wamp64\www\CMS-project-E\wp-content\plugins\woocommerce\includes\wc-core-functions.php(284): load_template('C:\\wamp64\\www\\C...', false)
#6 C:\wamp64\www\CMS-project-E\wp-content\themes\flatsome\page-cart.php(6): wc_get_template_part('checkout/layout...', false)
#7 C:\wamp64\www\CMS- in C:\wamp64\www\CMS-project-E\wp-content\themes\flatsome\inc\woocommerce\structure-wc-product-box.php on line 53

2021-12-06T07:19:11+00:00 CRITICAL Uncaught ArgumentCountError: Too few arguments to function get_template_part(), 0 passed in C:\wamp64\www\CMS-project-E\wp-content\themes\flatsome\woocommerce\checkout\layouts\checkout.php on line 18 and at least 1 expected in C:\wamp64\www\CMS-project-E\wp-includes\general-template.php:167
Stack trace:
#0 C:\wamp64\www\CMS-project-E\wp-content\themes\flatsome\woocommerce\checkout\layouts\checkout.php(18): get_template_part()
#1 C:\wamp64\www\CMS-project-E\wp-includes\template.php(772): require('C:\\wamp64\\www\\C...')
#2 C:\wamp64\www\CMS-project-E\wp-content\plugins\woocommerce\includes\wc-core-functions.php(284): load_template('C:\\wamp64\\www\\C...', false)
#3 C:\wamp64\www\CMS-project-E\wp-content\themes\flatsome\page-cart.php(6): wc_get_template_part('checkout/layout...', false)
#4 C:\wamp64\www\CMS-project-E\wp-includes\template-loader.php(106): include('C:\\wamp64\\www\\C...')
#5 C:\wamp64\www\CMS-project-E\wp-blog-header.php(19): require_once('C:\\wamp64\\www\\C...')
#6 C:\wamp64\www\CMS-project-E\in in C:\wamp64\www\CMS-project-E\wp-includes\general-template.php on line 167

2021-12-06T07:22:17+00:00 CRITICAL Uncaught Error: Call to a member function get_gallery_image_ids() on null in C:\wamp64\www\CMS-project-E\wp-content\themes\flatsome\inc\woocommerce\structure-wc-product-box.php:53
Stack trace:
#0 C:\wamp64\www\CMS-project-E\wp-includes\class-wp-hook.php(303): flatsome_woocommerce_get_alt_product_thumbnail('')
#1 C:\wamp64\www\CMS-project-E\wp-includes\class-wp-hook.php(327): WP_Hook->apply_filters(NULL, Array)
#2 C:\wamp64\www\CMS-project-E\wp-includes\plugin.php(470): WP_Hook->do_action(Array)
#3 C:\wamp64\www\CMS-project-E\wp-content\themes\flatsome\woocommerce\checkout\layouts\checkout.php(31): do_action('flatsome_woocom...')
#4 C:\wamp64\www\CMS-project-E\wp-includes\template.php(772): require('C:\\wamp64\\www\\C...')
#5 C:\wamp64\www\CMS-project-E\wp-content\plugins\woocommerce\includes\wc-core-functions.php(284): load_template('C:\\wamp64\\www\\C...', false)
#6 C:\wamp64\www\CMS-project-E\wp-content\themes\flatsome\page-cart.php(6): wc_get_template_part('checkout/layout...', false)
#7 C:\wamp64\www\CMS- in C:\wamp64\www\CMS-project-E\wp-content\themes\flatsome\inc\woocommerce\structure-wc-product-box.php on line 53

2021-12-06T07:22:26+00:00 CRITICAL Uncaught Error: Call to a member function get_gallery_image_ids() on null in C:\wamp64\www\CMS-project-E\wp-content\themes\flatsome\inc\woocommerce\structure-wc-product-box.php:53
Stack trace:
#0 C:\wamp64\www\CMS-project-E\wp-includes\class-wp-hook.php(303): flatsome_woocommerce_get_alt_product_thumbnail('')
#1 C:\wamp64\www\CMS-project-E\wp-includes\class-wp-hook.php(327): WP_Hook->apply_filters(NULL, Array)
#2 C:\wamp64\www\CMS-project-E\wp-includes\plugin.php(470): WP_Hook->do_action(Array)
#3 C:\wamp64\www\CMS-project-E\wp-content\themes\flatsome\woocommerce\checkout\layouts\checkout.php(31): do_action('flatsome_woocom...')
#4 C:\wamp64\www\CMS-project-E\wp-includes\template.php(772): require('C:\\wamp64\\www\\C...')
#5 C:\wamp64\www\CMS-project-E\wp-content\plugins\woocommerce\includes\wc-core-functions.php(284): load_template('C:\\wamp64\\www\\C...', false)
#6 C:\wamp64\www\CMS-project-E\wp-content\themes\flatsome\page-cart.php(6): wc_get_template_part('checkout/layout...', false)
#7 C:\wamp64\www\CMS- in C:\wamp64\www\CMS-project-E\wp-content\themes\flatsome\inc\woocommerce\structure-wc-product-box.php on line 53

